[01m[K/home/autodrive_devkit/ros2_ws/src/autodrive_iros_2024/src/ackermann_odometry.cpp:[m[K In member function â€˜[01m[Kvoid AckermannOdometry::computeOdometry()[m[Kâ€™:
[01m[K/home/autodrive_devkit/ros2_ws/src/autodrive_iros_2024/src/ackermann_odometry.cpp:137:35:[m[K [01;31m[Kerror: [m[Kâ€˜[01m[KtoMsg[m[Kâ€™ is not a member of â€˜[01m[Ktf2[m[Kâ€™
  137 |         odom_msg.pose.pose = tf2::[01;31m[KtoMsg[m[K(q);
      |                                   [01;31m[K^~~~~[m[K
make[2]: *** [CMakeFiles/ackermann_odometry.dir/build.make:63: CMakeFiles/ackermann_odometry.dir/src/ackermann_odometry.cpp.o] Error 1
make[1]: *** [CMakeFiles/Makefile2:107: CMakeFiles/ackermann_odometry.dir/all] Error 2
make: *** [Makefile:141: all] Error 2
