[0.012s] Invoking command in '/home/autodrive_devkit/ros2_ws/src/autodrive_iros_2024/build/autodrive_iros_2024': CMAKE_PREFIX_PATH=/home/autodrive_devkit/ros2_ws/install/autodrive_f1tenth:/opt/ros/foxy /usr/bin/cmake --build /home/autodrive_devkit/ros2_ws/src/autodrive_iros_2024/build/autodrive_iros_2024 -- -j20 -l20
[0.056s] [35m[1mScanning dependencies of target ackermann_odometry[0m
[0.072s] [ 50%] Built target frame_republisher
[0.089s] [ 75%] [32mBuilding CXX object CMakeFiles/ackermann_odometry.dir/src/ackermann_odometry.cpp.o[0m
[0.856s] [01m[K/home/autodrive_devkit/ros2_ws/src/autodrive_iros_2024/src/ackermann_odometry.cpp:[m[K In member function â€˜[01m[Kvoid AckermannOdometry::computeOdometry()[m[Kâ€™:
[0.856s] [01m[K/home/autodrive_devkit/ros2_ws/src/autodrive_iros_2024/src/ackermann_odometry.cpp:137:35:[m[K [01;31m[Kerror: [m[Kâ€˜[01m[KtoMsg[m[Kâ€™ is not a member of â€˜[01m[Ktf2[m[Kâ€™
[0.856s]   137 |         odom_msg.pose.pose = tf2::[01;31m[KtoMsg[m[K(q);
[0.856s]       |                                   [01;31m[K^~~~~[m[K
[1.941s] make[2]: *** [CMakeFiles/ackermann_odometry.dir/build.make:63: CMakeFiles/ackermann_odometry.dir/src/ackermann_odometry.cpp.o] Error 1
[1.941s] make[1]: *** [CMakeFiles/Makefile2:107: CMakeFiles/ackermann_odometry.dir/all] Error 2
[1.941s] make: *** [Makefile:141: all] Error 2
[1.945s] Invoked command in '/home/autodrive_devkit/ros2_ws/src/autodrive_iros_2024/build/autodrive_iros_2024' returned '2': CMAKE_PREFIX_PATH=/home/autodrive_devkit/ros2_ws/install/autodrive_f1tenth:/opt/ros/foxy /usr/bin/cmake --build /home/autodrive_devkit/ros2_ws/src/autodrive_iros_2024/build/autodrive_iros_2024 -- -j20 -l20
