[01m[K/home/autodrive_devkit/ros2_ws/src/autodrive_iros_2024/src/ackermann_odometry.cpp:9:10:[m[K [01;31m[Kfatal error: [m[Kconvert.h: No such file or directory
    9 | #include [01;31m[K<convert.h>[m[K
      |          [01;31m[K^~~~~~~~~~~[m[K
compilation terminated.
make[2]: *** [CMakeFiles/ackermann_odometry.dir/build.make:63: CMakeFiles/ackermann_odometry.dir/src/ackermann_odometry.cpp.o] Error 1
make[1]: *** [CMakeFiles/Makefile2:107: CMakeFiles/ackermann_odometry.dir/all] Error 2
make[1]: *** Waiting for unfinished jobs....
make: *** [Makefile:141: all] Error 2
