[0.016s] Invoking command in '/home/autodrive_devkit/ros2_ws/src/autodrive_iros_2024/build/autodrive_iros_2024': CMAKE_PREFIX_PATH=/home/autodrive_devkit/ros2_ws/install/autodrive_f1tenth:/opt/ros/foxy /usr/bin/cmake --build /home/autodrive_devkit/ros2_ws/src/autodrive_iros_2024/build/autodrive_iros_2024 -- -j20 -l20
[0.075s] -- Found ament_cmake: 0.9.12 (/opt/ros/foxy/share/ament_cmake/cmake)
[0.096s] -- Using PYTHON_EXECUTABLE: /usr/bin/python3
[0.201s] -- Found rclcpp: 2.4.3 (/opt/ros/foxy/share/rclcpp/cmake)
[0.227s] -- Using all available rosidl_typesupport_c: rosidl_typesupport_fastrtps_c;rosidl_typesupport_introspection_c
[0.230s] -- Found rosidl_adapter: 1.3.1 (/opt/ros/foxy/share/rosidl_adapter/cmake)
[0.346s] -- Using all available rosidl_typesupport_cpp: rosidl_typesupport_fastrtps_cpp;rosidl_typesupport_introspection_cpp
[0.402s] -- Found rmw_implementation_cmake: 1.0.4 (/opt/ros/foxy/share/rmw_implementation_cmake/cmake)
[0.404s] -- Using RMW implementation 'rmw_fastrtps_cpp' as default
[0.519s] -- Found sensor_msgs: 2.0.5 (/opt/ros/foxy/share/sensor_msgs/cmake)
[0.604s] -- Found slam_toolbox: 2.4.1 (/opt/ros/foxy/share/slam_toolbox/cmake)
[1.146s] -- Found eigen3_cmake_module: 0.1.1 (/opt/ros/foxy/share/eigen3_cmake_module/cmake)
[1.217s] -- Setting OGRE_DIR to: '/opt/ros/foxy/share/rviz_ogre_vendor/cmake/../../../opt/rviz_ogre_vendor/lib/OGRE/cmake'
[1.219s] -- Found OGRE
[1.220s] --   static     : OFF
[1.220s] --   components : HLMS;MeshLodGenerator;Overlay;Paging;Property;RTShaderSystem;Terrain;Volume
[1.220s] --   plugins    : Plugin_BSPSceneManager;Plugin_OctreeSceneManager;Plugin_PCZSceneManager;Plugin_ParticleFX;RenderSystem_GL;RenderSystem_GL3Plus;Codec_STBI
[1.220s] --   media      : /opt/ros/foxy/opt/rviz_ogre_vendor/share/OGRE/Media
[1.220s] -- OGRE_LIBRARIES: OgreHLMS;OgreMeshLodGenerator;OgreOverlay;OgrePaging;OgreProperty;OgreRTShaderSystem;OgreTerrain;OgreVolume;OgreMain
[1.220s] -- OGRE_LIBRARY_DIRS: /opt/ros/foxy/opt/rviz_ogre_vendor/lib
[1.220s] -- OGRE_PLUGINS: Plugin_BSPSceneManager;Plugin_OctreeSceneManager;Plugin_PCZSceneManager;Plugin_ParticleFX;RenderSystem_GL;RenderSystem_GL3Plus;Codec_STBI
[1.220s] -- OGRE_PLUGIN_DIR: /opt/ros/foxy/opt/rviz_ogre_vendor/lib/OGRE
[1.220s] -- rviz_ogre_vendor::OgreOverlay for IMPORTED_LOCATION_RELEASE: /opt/ros/foxy/opt/rviz_ogre_vendor/lib/libOgreOverlay.so
[1.220s] -- rviz_ogre_vendor::OgreOverlay for IMPORTED_LOCATION_DEBUG: /opt/ros/foxy/opt/rviz_ogre_vendor/lib/libOgreOverlay.so
[1.220s] -- rviz_ogre_vendor::OgreMain for IMPORTED_LOCATION_RELEASE: /opt/ros/foxy/opt/rviz_ogre_vendor/lib/libOgreMain.so
[1.220s] -- rviz_ogre_vendor::OgreMain for IMPORTED_LOCATION_DEBUG: /opt/ros/foxy/opt/rviz_ogre_vendor/lib/libOgreMain.so
[1.221s] -- Could not find freeimage library
[1.266s] -- rviz_ogre_vendor::RenderSystem_GL for IMPORTED_LOCATION_RELEASE: _render_system_gl_static_library_abs-NOTFOUND
[1.266s] -- rviz_ogre_vendor::RenderSystem_GL for IMPORTED_LOCATION_DEBUG: _render_system_gl_static_library_abs-NOTFOUND
[1.271s] -- library: libassimp.so.5
[1.300s] -- library: /usr/lib/x86_64-linux-gnu/libcurl.so
[1.356s] -- Setting yaml-cpp_DIR to: '/opt/ros/foxy/share/yaml_cpp_vendor/cmake/../../../opt/yaml_cpp_vendor/lib/cmake/yaml-cpp'
[1.637s] -- Found robot_localization: 3.1.2 (/opt/ros/foxy/share/robot_localization/cmake)
[1.906s] -- Found ament_lint_auto: 0.9.8 (/opt/ros/foxy/share/ament_lint_auto/cmake)
[1.968s] -- Added test 'copyright' to check source files copyright and LICENSE
[1.998s] -- Added test 'cppcheck' to perform static code analysis on C / C++ code
[1.998s] -- Configured cppcheck include dirs: $<BUILD_INTERFACE:/home/autodrive_devkit/ros2_ws/src/autodrive_iros_2024/include>
[1.998s] -- Configured cppcheck exclude dirs and/or files: 
[2.014s] -- Added test 'cpplint' to check C / C++ code against the Google style
[2.014s] -- Configured cpplint exclude dirs and/or files: 
[2.017s] -- Added test 'flake8' to check Python code syntax and style conventions
[2.022s] -- Added test 'lint_cmake' to check CMake code style
[2.024s] -- Added test 'pep257' to check Python code against some of the style conventions in PEP 257
[2.039s] -- Added test 'uncrustify' to check C / C++ code style
[2.039s] -- Configured uncrustify additional arguments: 
[2.042s] -- Added test 'xmllint' to check XML markup files
[2.045s] -- Configuring done
[2.100s] -- Generating done
[2.101s] -- Build files have been written to: /home/autodrive_devkit/ros2_ws/src/autodrive_iros_2024/build/autodrive_iros_2024
[2.125s] [35m[1mScanning dependencies of target ackermann_odometry[0m
[2.127s] [35m[1mScanning dependencies of target frame_republisher[0m
[2.156s] [ 25%] [32mBuilding CXX object CMakeFiles/ackermann_odometry.dir/src/ackermann_odometry.cpp.o[0m
[2.163s] [ 50%] [32mBuilding CXX object CMakeFiles/frame_republisher.dir/src/frame_republisher.cpp.o[0m
[2.238s] [01m[K/home/autodrive_devkit/ros2_ws/src/autodrive_iros_2024/src/ackermann_odometry.cpp:9:10:[m[K [01;31m[Kfatal error: [m[Kconvert.h: No such file or directory
[2.238s]     9 | #include [01;31m[K<convert.h>[m[K
[2.238s]       |          [01;31m[K^~~~~~~~~~~[m[K
[2.238s] compilation terminated.
[2.239s] make[2]: *** [CMakeFiles/ackermann_odometry.dir/build.make:63: CMakeFiles/ackermann_odometry.dir/src/ackermann_odometry.cpp.o] Error 1
[2.239s] make[1]: *** [CMakeFiles/Makefile2:107: CMakeFiles/ackermann_odometry.dir/all] Error 2
[2.239s] make[1]: *** Waiting for unfinished jobs....
[4.120s] [ 75%] [32m[1mLinking CXX executable frame_republisher[0m
[4.416s] [ 75%] Built target frame_republisher
[4.418s] make: *** [Makefile:141: all] Error 2
[4.421s] Invoked command in '/home/autodrive_devkit/ros2_ws/src/autodrive_iros_2024/build/autodrive_iros_2024' returned '2': CMAKE_PREFIX_PATH=/home/autodrive_devkit/ros2_ws/install/autodrive_f1tenth:/opt/ros/foxy /usr/bin/cmake --build /home/autodrive_devkit/ros2_ws/src/autodrive_iros_2024/build/autodrive_iros_2024 -- -j20 -l20
